Base path: /Applications/Unity/Unity.app/Contents
Pipe name: \\.\pipe\UnityShaderCompiler-64bit-1-1998114816
Cmd: getPlatforms
Cmd: preprocess
  insize=204 outsize=204 ok=1
Cmd: preprocess
  insize=685 outsize=1157 ok=1
Cmd: compileSnippet
  api=0 type=0 insize=7044 outsize=2310 kw=DIRECTIONAL LIGHTMAP_OFF DIRLIGHTMAP_OFF DYNAMICLIGHTMAP_OFF pd= ok=1
Cmd: compileSnippet
  api=0 type=1 insize=7044 outsize=6 kw=DIRECTIONAL LIGHTMAP_OFF DIRLIGHTMAP_OFF DYNAMICLIGHTMAP_OFF pd= ok=1
Cmd: compileSnippet
  api=0 type=0 insize=3791 outsize=1830 kw=POINT pd= ok=1
Cmd: compileSnippet
  api=0 type=1 insize=3791 outsize=6 kw=POINT pd= ok=1
Cmd: compileSnippet
  api=0 type=0 insize=3282 outsize=2439 kw= pd= ok=1
Cmd: compileSnippet
  api=0 type=1 insize=3282 outsize=6 kw= pd= ok=1
Cmd: preprocess
  insize=680 outsize=1158 ok=1
Cmd: compileSnippet
  api=0 type=0 insize=7038 outsize=2310 kw=DIRECTIONAL LIGHTMAP_OFF DIRLIGHTMAP_OFF DYNAMICLIGHTMAP_OFF pd= ok=1
Cmd: compileSnippet
  api=0 type=1 insize=7038 outsize=6 kw=DIRECTIONAL LIGHTMAP_OFF DIRLIGHTMAP_OFF DYNAMICLIGHTMAP_OFF pd= ok=1
Cmd: compileSnippet
  api=0 type=0 insize=3785 outsize=1830 kw=POINT pd= ok=1
Cmd: compileSnippet
  api=0 type=1 insize=3785 outsize=6 kw=POINT pd= ok=1
Cmd: compileSnippet
  api=0 type=0 insize=3276 outsize=2439 kw= pd= ok=1
Cmd: compileSnippet
  api=0 type=1 insize=3276 outsize=6 kw= pd= ok=1
Cmd: preprocess
  insize=1150 outsize=435 ok=1
Cmd: compileSnippet
  api=0 type=0 insize=1017 outsize=429 kw= pd= ok=1
Cmd: compileSnippet
  api=0 type=1 insize=1017 outsize=6 kw= pd= ok=1
Cmd: preprocess
  insize=1177 outsize=464 ok=1
Cmd: compileSnippet
  api=0 type=0 insize=1015 outsize=429 kw= pd= ok=1
Cmd: compileSnippet
  api=0 type=1 insize=1015 outsize=6 kw= pd= ok=1
Cmd: preprocess
  insize=196 outsize=196 ok=1
Cmd: preprocess
  insize=1187 outsize=474 ok=1
Cmd: preprocess
  insize=1126 outsize=413 ok=1
Cmd: preprocess
  insize=683 outsize=1673 ok=1
Cmd: compileSnippet
  api=0 type=0 insize=7168 outsize=2417 kw=DIRECTIONAL SHADOWS_OFF LIGHTMAP_OFF DIRLIGHTMAP_OFF DYNAMICLIGHTMAP_OFF pd= ok=1
Cmd: compileSnippet
  api=0 type=1 insize=7168 outsize=6 kw=DIRECTIONAL SHADOWS_OFF LIGHTMAP_OFF DIRLIGHTMAP_OFF DYNAMICLIGHTMAP_OFF pd= ok=1
Cmd: compileSnippet
  api=0 type=0 insize=3901 outsize=1937 kw=POINT pd= ok=1
Cmd: compileSnippet
  api=0 type=1 insize=3901 outsize=6 kw=POINT pd= ok=1
Cmd: compileSnippet
  api=0 type=0 insize=3316 outsize=1390 kw= pd= ok=1
Cmd: compileSnippet
  api=0 type=1 insize=3316 outsize=6 kw= pd= ok=1
Cmd: compileSnippet
  api=0 type=0 insize=6182 outsize=2805 kw=LIGHTMAP_OFF DIRLIGHTMAP_OFF DYNAMICLIGHTMAP_OFF HDR_LIGHT_PREPASS_OFF pd= ok=1
Cmd: compileSnippet
  api=0 type=1 insize=6182 outsize=6 kw=LIGHTMAP_OFF DIRLIGHTMAP_OFF DYNAMICLIGHTMAP_OFF HDR_LIGHT_PREPASS_OFF pd= ok=1
Cmd: compileSnippet
  api=0 type=0 insize=6236 outsize=2726 kw=LIGHTMAP_OFF DIRLIGHTMAP_OFF DYNAMICLIGHTMAP_OFF HDR_LIGHT_PREPASS_OFF pd= ok=1
Cmd: compileSnippet
  api=0 type=1 insize=6236 outsize=6 kw=LIGHTMAP_OFF DIRLIGHTMAP_OFF DYNAMICLIGHTMAP_OFF HDR_LIGHT_PREPASS_OFF pd= ok=1
Cmd: compileSnippet
  api=0 type=0 insize=3339 outsize=2546 kw= pd= ok=1
Cmd: compileSnippet
  api=0 type=1 insize=3339 outsize=6 kw= pd= ok=1
Cmd: preprocess
  insize=1335 outsize=540 ok=1
Cmd: compileSnippet
  api=0 type=0 insize=1097 outsize=553 kw= pd= ok=1
Cmd: compileSnippet
  api=0 type=1 insize=1097 outsize=6 kw= pd= ok=1
Cmd: preprocess
  insize=1100 outsize=363 ok=1
Cmd: compileSnippet
  api=0 type=0 insize=1037 outsize=712 kw= pd= ok=1
Cmd: compileSnippet
  api=0 type=1 insize=1037 outsize=6 kw= pd= ok=1
Cmd: preprocess
  insize=577 outsize=1579 ok=1
Cmd: compileSnippet
  api=0 type=0 insize=7090 outsize=2351 kw=DIRECTIONAL SHADOWS_OFF LIGHTMAP_OFF DIRLIGHTMAP_OFF DYNAMICLIGHTMAP_OFF pd= ok=1
Cmd: compileSnippet
  api=0 type=1 insize=7090 outsize=6 kw=DIRECTIONAL SHADOWS_OFF LIGHTMAP_OFF DIRLIGHTMAP_OFF DYNAMICLIGHTMAP_OFF pd= ok=1
Cmd: compileSnippet
  api=0 type=0 insize=3836 outsize=1831 kw=POINT pd= ok=1
Cmd: compileSnippet
  api=0 type=1 insize=3836 outsize=6 kw=POINT pd= ok=1
Cmd: compileSnippet
  api=0 type=0 insize=2969 outsize=978 kw= pd= ok=1
Cmd: compileSnippet
  api=0 type=1 insize=2969 outsize=6 kw= pd= ok=1
Cmd: compileSnippet
  api=0 type=0 insize=6103 outsize=2699 kw=LIGHTMAP_OFF DIRLIGHTMAP_OFF DYNAMICLIGHTMAP_OFF HDR_LIGHT_PREPASS_OFF pd= ok=1
Cmd: compileSnippet
  api=0 type=1 insize=6103 outsize=6 kw=LIGHTMAP_OFF DIRLIGHTMAP_OFF DYNAMICLIGHTMAP_OFF HDR_LIGHT_PREPASS_OFF pd= ok=1
Cmd: compileSnippet
  api=0 type=0 insize=6167 outsize=2703 kw=LIGHTMAP_OFF DIRLIGHTMAP_OFF DYNAMICLIGHTMAP_OFF HDR_LIGHT_PREPASS_OFF pd= ok=1
Cmd: compileSnippet
  api=0 type=1 insize=6167 outsize=6 kw=LIGHTMAP_OFF DIRLIGHTMAP_OFF DYNAMICLIGHTMAP_OFF HDR_LIGHT_PREPASS_OFF pd= ok=1
Cmd: compileSnippet
  api=0 type=0 insize=3234 outsize=2395 kw= pd= ok=1
Cmd: compileSnippet
  api=0 type=1 insize=3234 outsize=6 kw= pd= ok=1
Cmd: preprocess
  insize=1379 outsize=541 ok=1
Cmd: compileSnippet
  api=0 type=0 insize=1140 outsize=592 kw= pd= ok=1
Cmd: compileSnippet
  api=0 type=1 insize=1140 outsize=6 kw= pd= ok=1
Cmd: preprocess
  insize=1180 outsize=468 ok=1
Cmd: compileSnippet
  api=0 type=0 insize=1014 outsize=429 kw= pd= ok=1
Cmd: compileSnippet
  api=0 type=1 insize=1014 outsize=6 kw= pd= ok=1
Cmd: compileSnippet
  api=0 type=0 insize=541 outsize=1893 kw=SHADOWS_DEPTH pd= ok=1
Cmd: compileSnippet
  api=0 type=1 insize=541 outsize=6 kw=SHADOWS_DEPTH pd= ok=1
Cmd: compileSnippet
  api=0 type=0 insize=7139 outsize=2704 kw=DIRECTIONAL SHADOWS_OFF LIGHTMAP_OFF DIRLIGHTMAP_OFF DYNAMICLIGHTMAP_OFF pd= ok=1
Cmd: compileSnippet
  api=0 type=1 insize=7139 outsize=6 kw=DIRECTIONAL SHADOWS_OFF LIGHTMAP_OFF DIRLIGHTMAP_OFF DYNAMICLIGHTMAP_OFF pd= ok=1
Cmd: compileSnippet
  api=0 type=0 insize=3868 outsize=1865 kw=DIRECTIONAL pd= ok=1
Cmd: compileSnippet
  api=0 type=1 insize=3868 outsize=6 kw=DIRECTIONAL pd= ok=1
Cmd: compileSnippet
  api=0 type=0 insize=1162 outsize=355 kw= pd= ok=1
Cmd: compileSnippet
  api=0 type=1 insize=1162 outsize=6 kw= pd= ok=1
Cmd: compileSnippet
  api=0 type=0 insize=990 outsize=463 kw= pd= ok=1
Cmd: compileSnippet
  api=0 type=1 insize=990 outsize=6 kw= pd= ok=1
Cmd: compileSnippet
  api=0 type=0 insize=7060 outsize=2656 kw=DIRECTIONAL LIGHTMAP_OFF DIRLIGHTMAP_OFF DYNAMICLIGHTMAP_OFF pd= ok=1
Cmd: compileSnippet
  api=0 type=1 insize=7060 outsize=6 kw=DIRECTIONAL LIGHTMAP_OFF DIRLIGHTMAP_OFF DYNAMICLIGHTMAP_OFF pd= ok=1
Cmd: compileSnippet
  api=0 type=0 insize=3790 outsize=1817 kw=DIRECTIONAL pd= ok=1
Cmd: compileSnippet
  api=0 type=1 insize=3790 outsize=6 kw=DIRECTIONAL pd= ok=1
Cmd: compileSnippet
  api=0 type=0 insize=751 outsize=1893 kw=SHADOWS_DEPTH pd= ok=1
Cmd: compileSnippet
  api=0 type=1 insize=751 outsize=6 kw=SHADOWS_DEPTH pd= ok=1
Cmd: compileSnippet
  api=0 type=0 insize=982 outsize=10119 kw=DIRECTIONAL SHADOWS_OFF LIGHTMAP_OFF DIRLIGHTMAP_OFF DYNAMICLIGHTMAP_OFF pd= ok=1
Cmd: compileSnippet
  api=0 type=1 insize=982 outsize=6 kw=DIRECTIONAL SHADOWS_OFF LIGHTMAP_OFF DIRLIGHTMAP_OFF DYNAMICLIGHTMAP_OFF pd= ok=1
Cmd: compileSnippet
  api=0 type=0 insize=938 outsize=5777 kw=DIRECTIONAL SHADOWS_OFF pd= ok=1
Cmd: compileSnippet
  api=0 type=1 insize=938 outsize=6 kw=DIRECTIONAL SHADOWS_OFF pd= ok=1
